{"level":"error","message":"Proxy error: ","service":"api-gateway"}
{"level":"error","message":"AggregateError [ECONNREFUSED]: \n    at internalConnectMultiple (node:net:1134:18)\n    at afterConnectMultiple (node:net:1715:7)","service":"api-gateway"}
{"level":"error","message":"Proxy error: ","service":"api-gateway"}
{"level":"error","message":"AggregateError [ECONNREFUSED]: \n    at internalConnectMultiple (node:net:1134:18)\n    at afterConnectMultiple (node:net:1715:7)","service":"api-gateway"}
{"level":"error","message":"Proxy error: ","service":"api-gateway"}
{"level":"error","message":"Proxy error: ","service":"api-gateway"}
{"level":"error","message":"Proxy error: ","service":"api-gateway"}
{"level":"error","message":"Proxy error: ","service":"api-gateway"}
{"level":"error","message":"JWT verification error: jwt expired","service":"api-gateway"}
{"level":"error","message":"JWT verification error: jwt expired","service":"api-gateway"}
{"level":"error","message":"JWT verification error: jwt expired","service":"api-gateway"}
{"level":"error","message":"Media service proxy error: read ECONNRESET","service":"api-gateway"}
{"level":"error","message":"JWT verification error: jwt expired","service":"api-gateway"}
{"level":"error","message":"JWT verification error: jwt expired","service":"api-gateway"}
{"level":"error","message":"Media service proxy error: ","service":"api-gateway"}
{"level":"error","message":"JWT verification error: jwt expired","service":"api-gateway"}
{"level":"error","message":"JWT verification error: jwt expired","service":"api-gateway"}
{"level":"error","message":"JWT verification error: jwt expired","service":"api-gateway"}
{"level":"error","message":"JWT verification error: jwt expired","service":"api-gateway"}
{"level":"error","message":"JWT verification error: jwt expired","service":"api-gateway"}
{"level":"error","message":"JWT verification error: jwt expired","service":"api-gateway"}
{"level":"error","message":"JWT verification error: jwt expired","service":"api-gateway"}
{"level":"error","message":"JWT verification error: jwt expired","service":"api-gateway"}
