{"level":"info","message":"Server is running on port 3003","service":"Post-service"}
{"level":"error","message":"Error connecting to MongoDB The `uri` parameter to `openUri()` must be a string, got \"undefined\". Make sure the first parameter to `mongoose.connect()` or `mongoose.createConnection()` is a string.","service":"Post-service","stack":"MongooseError: The `uri` parameter to `openUri()` must be a string, got \"undefined\". Make sure the first parameter to `mongoose.connect()` or `mongoose.createConnection()` is a string.\n    at NativeConnection.createClient (E:\\projects\\social-media-microservices\\media-service\\node_modules\\mongoose\\lib\\drivers\\node-mongodb-native\\connection.js:237:11)\n    at NativeConnection.openUri (E:\\projects\\social-media-microservices\\media-service\\node_modules\\mongoose\\lib\\connection.js:1075:34)\n    at Mongoose.connect (E:\\projects\\social-media-microservices\\media-service\\node_modules\\mongoose\\lib\\mongoose.js:450:15)\n    at Object.<anonymous> (E:\\projects\\social-media-microservices\\media-service\\src\\server.js:16:11)\n    at Module._compile (node:internal/modules/cjs/loader:1761:14)\n    at Object..js (node:internal/modules/cjs/loader:1893:10)\n    at Module.load (node:internal/modules/cjs/loader:1481:32)\n    at Module._load (node:internal/modules/cjs/loader:1300:12)\n    at TracingChannel.traceSync (node:diagnostics_channel:328:14)\n    at wrapModuleLoad (node:internal/modules/cjs/loader:245:24)"}
{"level":"info","message":"Server is running on port 3003","service":"Post-service"}
{"level":"info","message":"Connected to MongoDB","service":"Post-service"}
{"level":"info","message":"Server is running on port 3003","service":"Post-service"}
{"level":"info","message":"Connected to MongoDB","service":"Post-service"}
{"level":"info","message":"Server is running on port 3003","service":"Post-service"}
{"level":"info","message":"Connected to MongoDB","service":"Post-service"}
{"level":"info","message":"Server is running on port 3003","service":"Post-service"}
{"level":"info","message":"Connected to MongoDB","service":"Post-service"}
{"level":"info","message":"Server is running on port 3003","service":"Post-service"}
{"level":"info","message":"Connected to MongoDB","service":"Post-service"}
{"level":"info","message":"Server is running on port 3003","service":"Post-service"}
{"level":"info","message":"Connected to MongoDB","service":"Post-service"}
{"level":"info","message":"Server is running on port 3003","service":"Media-service"}
{"level":"info","message":"Connected to MongoDB","service":"Media-service"}
{"level":"info","message":"Server is running on port 3003","service":"Media-service"}
{"level":"info","message":"Connected to MongoDB","service":"Media-service"}
{"level":"info","message":"Server is running on port 3003","service":"Media-service"}
{"level":"info","message":"Connected to MongoDB","service":"Media-service"}
{"level":"info","message":"Server is running on port 3003","service":"Media-service"}
{"level":"info","message":"Connected to MongoDB","service":"Media-service"}
{"level":"info","message":"Server is running on port 3003","service":"Media-service"}
{"level":"info","message":"Connected to MongoDB","service":"Media-service"}
{"level":"info","message":"Server is running on port 3003","service":"Media-service"}
{"level":"info","message":"Connected to MongoDB","service":"Media-service"}
{"level":"info","message":"Server is running on port 3003","service":"Media-service"}
{"level":"info","message":"Connected to MongoDB","service":"Media-service"}
{"level":"info","message":"Server is running on port 3003","service":"Media-service"}
{"level":"info","message":"Connected to MongoDB","service":"Media-service"}
{"level":"info","message":"Server is running on port 3003","service":"Media-service"}
{"level":"info","message":"Connected to MongoDB","service":"Media-service"}
{"level":"info","message":"Server is running on port 3003","service":"Media-service"}
{"level":"info","message":"Connected to MongoDB","service":"Media-service"}
{"level":"info","message":"Server is running on port 3003","service":"Media-service"}
{"level":"info","message":"Connected to MongoDB","service":"Media-service"}
{"level":"info","message":"Server is running on port 3003","service":"Media-service"}
{"level":"info","message":"Connected to MongoDB","service":"Media-service"}
{"level":"info","message":"Server is running on port 3003","service":"Media-service"}
{"level":"info","message":"Connected to MongoDB","service":"Media-service"}
{"level":"info","message":"Server is running on port 3003","service":"Media-service"}
{"level":"info","message":"Connected to MongoDB","service":"Media-service"}
{"level":"info","message":"Server is running on port 3003","service":"Media-service"}
{"level":"info","message":"Connected to MongoDB","service":"Media-service"}
{"level":"info","message":"Server is running on port 3003","service":"Media-service"}
{"level":"info","message":"Connected to MongoDB","service":"Media-service"}
{"level":"info","message":"Server is running on port 3003","service":"Media-service"}
{"level":"info","message":"Connected to MongoDB","service":"Media-service"}
{"level":"info","message":"Server is running on port 3003","service":"Media-service"}
{"level":"info","message":"Connected to MongoDB","service":"Media-service"}
{"level":"info","message":"Server is running on port 3003","service":"Media-service"}
{"level":"info","message":"Connected to MongoDB","service":"Media-service"}
{"level":"info","message":"Server is running on port 3003","service":"Media-service"}
{"level":"info","message":"Connected to MongoDB","service":"Media-service"}
{"level":"info","message":"Server is running on port 3003","service":"Media-service"}
{"level":"info","message":"Connected to MongoDB","service":"Media-service"}
{"level":"info","message":"Server is running on port 3003","service":"Media-service"}
{"level":"info","message":"Connected to MongoDB","service":"Media-service"}
{"level":"info","message":"Server is running on port 3003","service":"Media-service"}
{"level":"info","message":"Connected to MongoDB","service":"Media-service"}
{"level":"info","message":"Server is running on port 3003","service":"Media-service"}
{"level":"info","message":"Server is running on port 3003","service":"Media-service"}
{"level":"info","message":"Connected to MongoDB","service":"Media-service"}
{"level":"info","message":"Server is running on port 3003","service":"Media-service"}
{"level":"info","message":"Connected to MongoDB","service":"Media-service"}
{"level":"info","message":"Server is running on port 3003","service":"Media-service"}
{"level":"info","message":"Connected to MongoDB","service":"Media-service"}
{"level":"info","message":"Server is running on port 3003","service":"Media-service"}
{"level":"info","message":"Connected to MongoDB","service":"Media-service"}
{"level":"info","message":"Server is running on port 3003","service":"Media-service"}
{"level":"info","message":"Connected to MongoDB","service":"Media-service"}
{"level":"info","message":"Server is running on port 3003","service":"Media-service"}
{"level":"info","message":"Connected to MongoDB","service":"Media-service"}
{"level":"info","message":"Server is running on port 3003","service":"Media-service"}
{"level":"info","message":"Connected to MongoDB","service":"Media-service"}
{"level":"info","message":"Server is running on port 3003","service":"Media-service"}
{"level":"info","message":"Connected to MongoDB","service":"Media-service"}
{"level":"info","message":"Server is running on port 3003","service":"Media-service"}
{"level":"info","message":"Connected to MongoDB","service":"Media-service"}
{"level":"info","message":"Server is running on port 3003","service":"Media-service"}
{"level":"info","message":"Connected to MongoDB","service":"Media-service"}
{"level":"info","message":"Server is running on port 3003","service":"Media-service"}
{"level":"info","message":"Connected to MongoDB","service":"Media-service"}
{"level":"info","message":"Server is running on port 3003","service":"Media-service"}
{"level":"info","message":"Connected to MongoDB","service":"Media-service"}
{"level":"info","message":"Server is running on port 3003","service":"Media-service"}
{"level":"info","message":"Connected to MongoDB","service":"Media-service"}
{"level":"info","message":"Server is running on port 3003","service":"Media-service"}
{"level":"info","message":"Connected to MongoDB","service":"Media-service"}
{"level":"info","message":"Server is running on port 3003","service":"Media-service"}
{"level":"info","message":"Connected to MongoDB","service":"Media-service"}
{"level":"info","message":"Server is running on port 3003","service":"Media-service"}
{"level":"info","message":"Connected to MongoDB","service":"Media-service"}
{"level":"info","message":"Server is running on port 3003","service":"Media-service"}
{"level":"info","message":"Connected to MongoDB","service":"Media-service"}
{"level":"info","message":"Server is running on port 3003","service":"Media-service"}
{"level":"info","message":"Connected to MongoDB","service":"Media-service"}
{"level":"info","message":"Server is running on port 3003","service":"Media-service"}
{"level":"info","message":"Connected to MongoDB","service":"Media-service"}
{"level":"info","message":"Server is running on port 3003","service":"Media-service"}
{"level":"info","message":"Connected to MongoDB","service":"Media-service"}
{"level":"info","message":"Server is running on port 3003","service":"Media-service"}
{"level":"info","message":"Connected to MongoDB","service":"Media-service"}
{"level":"info","message":"Media-service is running on port 3003","service":"Media-service"}
{"level":"info","message":"Process ID: 13336","service":"Media-service"}
{"level":"info","message":"Environment: development","service":"Media-service"}
{"level":"info","message":"Connected to MongoDB","service":"Media-service"}
{"level":"info","message":"Media-service is running on port 3003","service":"Media-service"}
{"level":"info","message":"Process ID: 9076","service":"Media-service"}
{"level":"info","message":"Environment: development","service":"Media-service"}
{"level":"info","message":"Media-service is running on port 3003","service":"Media-service"}
{"level":"info","message":"Process ID: 11784","service":"Media-service"}
{"level":"info","message":"Environment: development","service":"Media-service"}
{"level":"info","message":"Connected to MongoDB","service":"Media-service"}
{"level":"info","message":"SIGINT signal received. Starting graceful shutdown...","service":"Media-service"}
{"level":"info","message":"Media-service is running on port 3003","service":"Media-service"}
{"level":"info","message":"Process ID: 9072","service":"Media-service"}
{"level":"info","message":"Environment: development","service":"Media-service"}
{"level":"info","message":"Connected to MongoDB","service":"Media-service"}
{"level":"info","message":"Media-service is running on port 3003","service":"Media-service"}
{"level":"info","message":"Process ID: 6620","service":"Media-service"}
{"level":"info","message":"Environment: development","service":"Media-service"}
{"level":"info","message":"Connected to MongoDB","service":"Media-service"}
{"level":"info","message":"Media-service is running on port 3003","service":"Media-service"}
{"level":"info","message":"Process ID: 10284","service":"Media-service"}
{"level":"info","message":"Environment: development","service":"Media-service"}
{"level":"info","message":"Connected to MongoDB","service":"Media-service"}
{"level":"info","message":"Media-service is running on port 3003","service":"Media-service"}
{"level":"info","message":"Process ID: 9108","service":"Media-service"}
{"level":"info","message":"Environment: development","service":"Media-service"}
{"level":"info","message":"Connected to MongoDB","service":"Media-service"}
{"level":"error","message":"Error: Multipart: Boundary not found\n    at new Multipart (E:\\projects\\social-media-microservices\\media-service\\node_modules\\busboy\\lib\\types\\multipart.js:233:13)\n    at getInstance (E:\\projects\\social-media-microservices\\media-service\\node_modules\\busboy\\lib\\index.js:33:12)\n    at module.exports (E:\\projects\\social-media-microservices\\media-service\\node_modules\\busboy\\lib\\index.js:56:10)\n    at multerMiddleware (E:\\projects\\social-media-microservices\\media-service\\node_modules\\multer\\lib\\make-middleware.js:38:16)\n    at Layer.handleRequest (E:\\projects\\social-media-microservices\\media-service\\node_modules\\router\\lib\\layer.js:152:17)\n    at next (E:\\projects\\social-media-microservices\\media-service\\node_modules\\router\\lib\\route.js:157:13)\n    at authenticateRequest (E:\\projects\\social-media-microservices\\media-service\\src\\middleware\\authMiddleware.js:9:5)\n    at Layer.handleRequest (E:\\projects\\social-media-microservices\\media-service\\node_modules\\router\\lib\\layer.js:152:17)\n    at next (E:\\projects\\social-media-microservices\\media-service\\node_modules\\router\\lib\\route.js:157:13)\n    at Route.dispatch (E:\\projects\\social-media-microservices\\media-service\\node_modules\\router\\lib\\route.js:117:3)","service":"Media-service"}
{"level":"info","message":"SIGINT signal received. Starting graceful shutdown...","service":"Media-service"}
{"level":"info","message":"Media-service is running on port 3003","service":"Media-service"}
{"level":"info","message":"Process ID: 10736","service":"Media-service"}
{"level":"info","message":"Environment: development","service":"Media-service"}
{"level":"error","message":"Error: Multipart: Boundary not found\n    at new Multipart (E:\\projects\\social-media-microservices\\media-service\\node_modules\\busboy\\lib\\types\\multipart.js:233:13)\n    at getInstance (E:\\projects\\social-media-microservices\\media-service\\node_modules\\busboy\\lib\\index.js:33:12)\n    at module.exports (E:\\projects\\social-media-microservices\\media-service\\node_modules\\busboy\\lib\\index.js:56:10)\n    at multerMiddleware (E:\\projects\\social-media-microservices\\media-service\\node_modules\\multer\\lib\\make-middleware.js:38:16)\n    at Layer.handleRequest (E:\\projects\\social-media-microservices\\media-service\\node_modules\\router\\lib\\layer.js:152:17)\n    at next (E:\\projects\\social-media-microservices\\media-service\\node_modules\\router\\lib\\route.js:157:13)\n    at authenticateRequest (E:\\projects\\social-media-microservices\\media-service\\src\\middleware\\authMiddleware.js:9:5)\n    at Layer.handleRequest (E:\\projects\\social-media-microservices\\media-service\\node_modules\\router\\lib\\layer.js:152:17)\n    at next (E:\\projects\\social-media-microservices\\media-service\\node_modules\\router\\lib\\route.js:157:13)\n    at Route.dispatch (E:\\projects\\social-media-microservices\\media-service\\node_modules\\router\\lib\\route.js:117:3)","service":"Media-service"}
{"level":"info","message":"Connected to MongoDB","service":"Media-service"}
{"level":"error","message":"Error: Multipart: Boundary not found\n    at new Multipart (E:\\projects\\social-media-microservices\\media-service\\node_modules\\busboy\\lib\\types\\multipart.js:233:13)\n    at getInstance (E:\\projects\\social-media-microservices\\media-service\\node_modules\\busboy\\lib\\index.js:33:12)\n    at module.exports (E:\\projects\\social-media-microservices\\media-service\\node_modules\\busboy\\lib\\index.js:56:10)\n    at multerMiddleware (E:\\projects\\social-media-microservices\\media-service\\node_modules\\multer\\lib\\make-middleware.js:38:16)\n    at Layer.handleRequest (E:\\projects\\social-media-microservices\\media-service\\node_modules\\router\\lib\\layer.js:152:17)\n    at next (E:\\projects\\social-media-microservices\\media-service\\node_modules\\router\\lib\\route.js:157:13)\n    at authenticateRequest (E:\\projects\\social-media-microservices\\media-service\\src\\middleware\\authMiddleware.js:9:5)\n    at Layer.handleRequest (E:\\projects\\social-media-microservices\\media-service\\node_modules\\router\\lib\\layer.js:152:17)\n    at next (E:\\projects\\social-media-microservices\\media-service\\node_modules\\router\\lib\\route.js:157:13)\n    at Route.dispatch (E:\\projects\\social-media-microservices\\media-service\\node_modules\\router\\lib\\route.js:117:3)","service":"Media-service"}
{"level":"info","message":"SIGINT signal received. Starting graceful shutdown...","service":"Media-service"}
{"level":"info","message":"Media-service is running on port 3003","service":"Media-service"}
{"level":"info","message":"Process ID: 13392","service":"Media-service"}
{"level":"info","message":"Environment: development","service":"Media-service"}
{"level":"info","message":"Connected to MongoDB","service":"Media-service"}
{"level":"error","message":"Error: Multipart: Boundary not found\n    at new Multipart (E:\\projects\\social-media-microservices\\media-service\\node_modules\\busboy\\lib\\types\\multipart.js:233:13)\n    at getInstance (E:\\projects\\social-media-microservices\\media-service\\node_modules\\busboy\\lib\\index.js:33:12)\n    at module.exports (E:\\projects\\social-media-microservices\\media-service\\node_modules\\busboy\\lib\\index.js:56:10)\n    at multerMiddleware (E:\\projects\\social-media-microservices\\media-service\\node_modules\\multer\\lib\\make-middleware.js:38:16)\n    at Layer.handleRequest (E:\\projects\\social-media-microservices\\media-service\\node_modules\\router\\lib\\layer.js:152:17)\n    at next (E:\\projects\\social-media-microservices\\media-service\\node_modules\\router\\lib\\route.js:157:13)\n    at authenticateRequest (E:\\projects\\social-media-microservices\\media-service\\src\\middleware\\authMiddleware.js:9:5)\n    at Layer.handleRequest (E:\\projects\\social-media-microservices\\media-service\\node_modules\\router\\lib\\layer.js:152:17)\n    at next (E:\\projects\\social-media-microservices\\media-service\\node_modules\\router\\lib\\route.js:157:13)\n    at Route.dispatch (E:\\projects\\social-media-microservices\\media-service\\node_modules\\router\\lib\\route.js:117:3)","service":"Media-service"}
{"level":"info","message":"SIGINT signal received. Starting graceful shutdown...","service":"Media-service"}
{"level":"info","message":"Media-service is running on port 3003","service":"Media-service"}
{"level":"info","message":"Process ID: 13512","service":"Media-service"}
{"level":"info","message":"Environment: development","service":"Media-service"}
{"level":"info","message":"Connected to MongoDB","service":"Media-service"}
{"level":"error","message":"Error: Multipart: Boundary not found\n    at new Multipart (E:\\projects\\social-media-microservices\\media-service\\node_modules\\busboy\\lib\\types\\multipart.js:233:13)\n    at getInstance (E:\\projects\\social-media-microservices\\media-service\\node_modules\\busboy\\lib\\index.js:33:12)\n    at module.exports (E:\\projects\\social-media-microservices\\media-service\\node_modules\\busboy\\lib\\index.js:56:10)\n    at multerMiddleware (E:\\projects\\social-media-microservices\\media-service\\node_modules\\multer\\lib\\make-middleware.js:38:16)\n    at Layer.handleRequest (E:\\projects\\social-media-microservices\\media-service\\node_modules\\router\\lib\\layer.js:152:17)\n    at next (E:\\projects\\social-media-microservices\\media-service\\node_modules\\router\\lib\\route.js:157:13)\n    at authenticateRequest (E:\\projects\\social-media-microservices\\media-service\\src\\middleware\\authMiddleware.js:9:5)\n    at Layer.handleRequest (E:\\projects\\social-media-microservices\\media-service\\node_modules\\router\\lib\\layer.js:152:17)\n    at next (E:\\projects\\social-media-microservices\\media-service\\node_modules\\router\\lib\\route.js:157:13)\n    at Route.dispatch (E:\\projects\\social-media-microservices\\media-service\\node_modules\\router\\lib\\route.js:117:3)","service":"Media-service"}
{"level":"info","message":"Media-service is running on port 3003","service":"Media-service"}
{"level":"info","message":"Process ID: 8312","service":"Media-service"}
{"level":"info","message":"Environment: development","service":"Media-service"}
{"level":"info","message":"Connected to MongoDB","service":"Media-service"}
{"level":"info","message":"Media-service is running on port 3003","service":"Media-service"}
{"level":"info","message":"Process ID: 13696","service":"Media-service"}
{"level":"info","message":"Environment: development","service":"Media-service"}
{"level":"info","message":"Connected to MongoDB","service":"Media-service"}
{"level":"error","message":"Error: Multipart: Boundary not found\n    at new Multipart (E:\\projects\\social-media-microservices\\media-service\\node_modules\\busboy\\lib\\types\\multipart.js:233:13)\n    at getInstance (E:\\projects\\social-media-microservices\\media-service\\node_modules\\busboy\\lib\\index.js:33:12)\n    at module.exports (E:\\projects\\social-media-microservices\\media-service\\node_modules\\busboy\\lib\\index.js:56:10)\n    at multerMiddleware (E:\\projects\\social-media-microservices\\media-service\\node_modules\\multer\\lib\\make-middleware.js:38:16)\n    at Layer.handleRequest (E:\\projects\\social-media-microservices\\media-service\\node_modules\\router\\lib\\layer.js:152:17)\n    at next (E:\\projects\\social-media-microservices\\media-service\\node_modules\\router\\lib\\route.js:157:13)\n    at Route.dispatch (E:\\projects\\social-media-microservices\\media-service\\node_modules\\router\\lib\\route.js:117:3)\n    at handle (E:\\projects\\social-media-microservices\\media-service\\node_modules\\router\\index.js:435:11)\n    at Layer.handleRequest (E:\\projects\\social-media-microservices\\media-service\\node_modules\\router\\lib\\layer.js:152:17)\n    at E:\\projects\\social-media-microservices\\media-service\\node_modules\\router\\index.js:295:15","service":"Media-service"}
{"level":"error","message":"Error: Multipart: Boundary not found\n    at new Multipart (E:\\projects\\social-media-microservices\\media-service\\node_modules\\busboy\\lib\\types\\multipart.js:233:13)\n    at getInstance (E:\\projects\\social-media-microservices\\media-service\\node_modules\\busboy\\lib\\index.js:33:12)\n    at module.exports (E:\\projects\\social-media-microservices\\media-service\\node_modules\\busboy\\lib\\index.js:56:10)\n    at multerMiddleware (E:\\projects\\social-media-microservices\\media-service\\node_modules\\multer\\lib\\make-middleware.js:38:16)\n    at Layer.handleRequest (E:\\projects\\social-media-microservices\\media-service\\node_modules\\router\\lib\\layer.js:152:17)\n    at next (E:\\projects\\social-media-microservices\\media-service\\node_modules\\router\\lib\\route.js:157:13)\n    at Route.dispatch (E:\\projects\\social-media-microservices\\media-service\\node_modules\\router\\lib\\route.js:117:3)\n    at handle (E:\\projects\\social-media-microservices\\media-service\\node_modules\\router\\index.js:435:11)\n    at Layer.handleRequest (E:\\projects\\social-media-microservices\\media-service\\node_modules\\router\\lib\\layer.js:152:17)\n    at E:\\projects\\social-media-microservices\\media-service\\node_modules\\router\\index.js:295:15","service":"Media-service"}
{"level":"info","message":"Media-service is running on port 3003","service":"Media-service"}
{"level":"info","message":"Process ID: 13544","service":"Media-service"}
{"level":"info","message":"Environment: development","service":"Media-service"}
{"level":"info","message":"Connected to MongoDB","service":"Media-service"}
{"level":"error","message":"Error: Multipart: Boundary not found\n    at new Multipart (E:\\projects\\social-media-microservices\\media-service\\node_modules\\busboy\\lib\\types\\multipart.js:233:13)\n    at getInstance (E:\\projects\\social-media-microservices\\media-service\\node_modules\\busboy\\lib\\index.js:33:12)\n    at module.exports (E:\\projects\\social-media-microservices\\media-service\\node_modules\\busboy\\lib\\index.js:56:10)\n    at multerMiddleware (E:\\projects\\social-media-microservices\\media-service\\node_modules\\multer\\lib\\make-middleware.js:38:16)\n    at Layer.handleRequest (E:\\projects\\social-media-microservices\\media-service\\node_modules\\router\\lib\\layer.js:152:17)\n    at next (E:\\projects\\social-media-microservices\\media-service\\node_modules\\router\\lib\\route.js:157:13)\n    at Route.dispatch (E:\\projects\\social-media-microservices\\media-service\\node_modules\\router\\lib\\route.js:117:3)\n    at handle (E:\\projects\\social-media-microservices\\media-service\\node_modules\\router\\index.js:435:11)\n    at Layer.handleRequest (E:\\projects\\social-media-microservices\\media-service\\node_modules\\router\\lib\\layer.js:152:17)\n    at E:\\projects\\social-media-microservices\\media-service\\node_modules\\router\\index.js:295:15","service":"Media-service"}
{"level":"info","message":"SIGINT signal received. Starting graceful shutdown...","service":"Media-service"}
{"level":"info","message":"Media-service is running on port 3003","service":"Media-service"}
{"level":"info","message":"Process ID: 12328","service":"Media-service"}
{"level":"info","message":"Environment: development","service":"Media-service"}
{"level":"info","message":"Connected to MongoDB","service":"Media-service"}
{"level":"error","message":"Error: Multipart: Boundary not found\n    at new Multipart (E:\\projects\\social-media-microservices\\media-service\\node_modules\\busboy\\lib\\types\\multipart.js:233:13)\n    at getInstance (E:\\projects\\social-media-microservices\\media-service\\node_modules\\busboy\\lib\\index.js:33:12)\n    at module.exports (E:\\projects\\social-media-microservices\\media-service\\node_modules\\busboy\\lib\\index.js:56:10)\n    at multerMiddleware (E:\\projects\\social-media-microservices\\media-service\\node_modules\\multer\\lib\\make-middleware.js:38:16)\n    at Layer.handleRequest (E:\\projects\\social-media-microservices\\media-service\\node_modules\\router\\lib\\layer.js:152:17)\n    at next (E:\\projects\\social-media-microservices\\media-service\\node_modules\\router\\lib\\route.js:157:13)\n    at Route.dispatch (E:\\projects\\social-media-microservices\\media-service\\node_modules\\router\\lib\\route.js:117:3)\n    at handle (E:\\projects\\social-media-microservices\\media-service\\node_modules\\router\\index.js:435:11)\n    at Layer.handleRequest (E:\\projects\\social-media-microservices\\media-service\\node_modules\\router\\lib\\layer.js:152:17)\n    at E:\\projects\\social-media-microservices\\media-service\\node_modules\\router\\index.js:295:15","service":"Media-service"}
{"level":"info","message":"Media-service is running on port 3003","service":"Media-service"}
{"level":"info","message":"Process ID: 8340","service":"Media-service"}
{"level":"info","message":"Environment: development","service":"Media-service"}
{"level":"info","message":"Connected to MongoDB","service":"Media-service"}
{"level":"error","message":"Error: Multipart: Boundary not found\n    at new Multipart (E:\\projects\\social-media-microservices\\media-service\\node_modules\\busboy\\lib\\types\\multipart.js:233:13)\n    at getInstance (E:\\projects\\social-media-microservices\\media-service\\node_modules\\busboy\\lib\\index.js:33:12)\n    at module.exports (E:\\projects\\social-media-microservices\\media-service\\node_modules\\busboy\\lib\\index.js:56:10)\n    at multerMiddleware (E:\\projects\\social-media-microservices\\media-service\\node_modules\\multer\\lib\\make-middleware.js:38:16)\n    at Layer.handleRequest (E:\\projects\\social-media-microservices\\media-service\\node_modules\\router\\lib\\layer.js:152:17)\n    at next (E:\\projects\\social-media-microservices\\media-service\\node_modules\\router\\lib\\route.js:157:13)\n    at Route.dispatch (E:\\projects\\social-media-microservices\\media-service\\node_modules\\router\\lib\\route.js:117:3)\n    at handle (E:\\projects\\social-media-microservices\\media-service\\node_modules\\router\\index.js:435:11)\n    at Layer.handleRequest (E:\\projects\\social-media-microservices\\media-service\\node_modules\\router\\lib\\layer.js:152:17)\n    at E:\\projects\\social-media-microservices\\media-service\\node_modules\\router\\index.js:295:15","service":"Media-service"}
{"level":"error","message":"Error: Multipart: Boundary not found\n    at new Multipart (E:\\projects\\social-media-microservices\\media-service\\node_modules\\busboy\\lib\\types\\multipart.js:233:13)\n    at getInstance (E:\\projects\\social-media-microservices\\media-service\\node_modules\\busboy\\lib\\index.js:33:12)\n    at module.exports (E:\\projects\\social-media-microservices\\media-service\\node_modules\\busboy\\lib\\index.js:56:10)\n    at multerMiddleware (E:\\projects\\social-media-microservices\\media-service\\node_modules\\multer\\lib\\make-middleware.js:38:16)\n    at Layer.handleRequest (E:\\projects\\social-media-microservices\\media-service\\node_modules\\router\\lib\\layer.js:152:17)\n    at next (E:\\projects\\social-media-microservices\\media-service\\node_modules\\router\\lib\\route.js:157:13)\n    at Route.dispatch (E:\\projects\\social-media-microservices\\media-service\\node_modules\\router\\lib\\route.js:117:3)\n    at handle (E:\\projects\\social-media-microservices\\media-service\\node_modules\\router\\index.js:435:11)\n    at Layer.handleRequest (E:\\projects\\social-media-microservices\\media-service\\node_modules\\router\\lib\\layer.js:152:17)\n    at E:\\projects\\social-media-microservices\\media-service\\node_modules\\router\\index.js:295:15","service":"Media-service"}
{"level":"info","message":"Media-service is running on port 3003","service":"Media-service"}
{"level":"info","message":"Process ID: 7268","service":"Media-service"}
{"level":"info","message":"Environment: development","service":"Media-service"}
{"level":"info","message":"Connected to MongoDB","service":"Media-service"}
{"level":"error","message":"Error: Multipart: Boundary not found\n    at new Multipart (E:\\projects\\social-media-microservices\\media-service\\node_modules\\busboy\\lib\\types\\multipart.js:233:13)\n    at getInstance (E:\\projects\\social-media-microservices\\media-service\\node_modules\\busboy\\lib\\index.js:33:12)\n    at module.exports (E:\\projects\\social-media-microservices\\media-service\\node_modules\\busboy\\lib\\index.js:56:10)\n    at multerMiddleware (E:\\projects\\social-media-microservices\\media-service\\node_modules\\multer\\lib\\make-middleware.js:38:16)\n    at Layer.handleRequest (E:\\projects\\social-media-microservices\\media-service\\node_modules\\router\\lib\\layer.js:152:17)\n    at next (E:\\projects\\social-media-microservices\\media-service\\node_modules\\router\\lib\\route.js:157:13)\n    at Route.dispatch (E:\\projects\\social-media-microservices\\media-service\\node_modules\\router\\lib\\route.js:117:3)\n    at handle (E:\\projects\\social-media-microservices\\media-service\\node_modules\\router\\index.js:435:11)\n    at Layer.handleRequest (E:\\projects\\social-media-microservices\\media-service\\node_modules\\router\\lib\\layer.js:152:17)\n    at E:\\projects\\social-media-microservices\\media-service\\node_modules\\router\\index.js:295:15","service":"Media-service"}
{"level":"info","message":"SIGINT signal received. Starting graceful shutdown...","service":"Media-service"}
{"level":"info","message":"Media-service is running on port 3003","service":"Media-service"}
{"level":"info","message":"Process ID: 11108","service":"Media-service"}
{"level":"info","message":"Environment: development","service":"Media-service"}
{"level":"info","message":"Connected to MongoDB","service":"Media-service"}
{"level":"error","message":"Error: Multipart: Boundary not found\n    at new Multipart (E:\\projects\\social-media-microservices\\media-service\\node_modules\\busboy\\lib\\types\\multipart.js:233:13)\n    at getInstance (E:\\projects\\social-media-microservices\\media-service\\node_modules\\busboy\\lib\\index.js:33:12)\n    at module.exports (E:\\projects\\social-media-microservices\\media-service\\node_modules\\busboy\\lib\\index.js:56:10)\n    at multerMiddleware (E:\\projects\\social-media-microservices\\media-service\\node_modules\\multer\\lib\\make-middleware.js:38:16)\n    at Layer.handleRequest (E:\\projects\\social-media-microservices\\media-service\\node_modules\\router\\lib\\layer.js:152:17)\n    at next (E:\\projects\\social-media-microservices\\media-service\\node_modules\\router\\lib\\route.js:157:13)\n    at Route.dispatch (E:\\projects\\social-media-microservices\\media-service\\node_modules\\router\\lib\\route.js:117:3)\n    at handle (E:\\projects\\social-media-microservices\\media-service\\node_modules\\router\\index.js:435:11)\n    at Layer.handleRequest (E:\\projects\\social-media-microservices\\media-service\\node_modules\\router\\lib\\layer.js:152:17)\n    at E:\\projects\\social-media-microservices\\media-service\\node_modules\\router\\index.js:295:15","service":"Media-service"}
{"level":"info","message":"Media-service is running on port 3003","service":"Media-service"}
{"level":"info","message":"Process ID: 8148","service":"Media-service"}
{"level":"info","message":"Environment: development","service":"Media-service"}
{"level":"info","message":"Connected to MongoDB","service":"Media-service"}
{"level":"info","message":"SIGINT signal received. Starting graceful shutdown...","service":"Media-service"}
{"level":"info","message":"Media-service is running on port 3003","service":"Media-service"}
{"level":"info","message":"Process ID: 13508","service":"Media-service"}
{"level":"info","message":"Environment: development","service":"Media-service"}
{"level":"info","message":"Connected to MongoDB","service":"Media-service"}
{"level":"info","message":"Uploading media: DSC02566.JPG","service":"Media-service"}
{"level":"error","message":"Error uploading media: Must supply api_key","service":"Media-service"}
{"level":"info","message":"Media-service is running on port 3003","service":"Media-service"}
{"level":"info","message":"Process ID: 10924","service":"Media-service"}
{"level":"info","message":"Environment: development","service":"Media-service"}
{"level":"info","message":"Connected to MongoDB","service":"Media-service"}
{"level":"info","message":"Uploading media: DSC02566.JPG","service":"Media-service"}
{"level":"error","message":"Error uploading media: Must supply api_key","service":"Media-service"}
{"level":"error","message":"Error stack: Error: Must supply api_key\n    at ensureOption (E:\\projects\\social-media-microservices\\media-service\\node_modules\\cloudinary\\lib\\utils\\ensureOption.js:19:13)\n    at Object.sign_request (E:\\projects\\social-media-microservices\\media-service\\node_modules\\cloudinary\\lib\\utils\\index.js:1151:16)\n    at Object.process_request_params (E:\\projects\\social-media-microservices\\media-service\\node_modules\\cloudinary\\lib\\utils\\index.js:1203:22)\n    at call_api (E:\\projects\\social-media-microservices\\media-service\\node_modules\\cloudinary\\lib\\uploader.js:474:18)\n    at Object.upload (E:\\projects\\social-media-microservices\\media-service\\node_modules\\cloudinary\\lib\\uploader.js:53:10)\n    at Object.upload_stream (E:\\projects\\social-media-microservices\\media-service\\node_modules\\cloudinary\\lib\\uploader.js:40:18)\n    at Object.upload_stream (E:\\projects\\social-media-microservices\\media-service\\node_modules\\cloudinary\\lib\\utils\\index.js:1402:21)\n    at E:\\projects\\social-media-microservices\\media-service\\src\\utils\\cloudinary.js:18:33\n    at new Promise (<anonymous>)\n    at uploadImageToCloudinary (E:\\projects\\social-media-microservices\\media-service\\src\\utils\\cloudinary.js:17:16)","service":"Media-service"}
{"level":"info","message":"Media-service is running on port 3003","service":"Media-service"}
{"level":"info","message":"Process ID: 13248","service":"Media-service"}
{"level":"info","message":"Environment: development","service":"Media-service"}
{"level":"info","message":"Connected to MongoDB","service":"Media-service"}
{"level":"info","message":"SIGINT signal received. Starting graceful shutdown...","service":"Media-service"}
{"level":"info","message":"Media-service is running on port 3003","service":"Media-service"}
{"level":"info","message":"Process ID: 5804","service":"Media-service"}
{"level":"info","message":"Environment: development","service":"Media-service"}
{"level":"info","message":"Connected to MongoDB","service":"Media-service"}
{"level":"info","message":"Uploading media: DSC02566.JPG","service":"Media-service"}
{"level":"error","message":"Error uploading media: Must supply api_key","service":"Media-service"}
{"level":"error","message":"Error stack: Error: Must supply api_key\n    at ensureOption (E:\\projects\\social-media-microservices\\media-service\\node_modules\\cloudinary\\lib\\utils\\ensureOption.js:19:13)\n    at Object.sign_request (E:\\projects\\social-media-microservices\\media-service\\node_modules\\cloudinary\\lib\\utils\\index.js:1151:16)\n    at Object.process_request_params (E:\\projects\\social-media-microservices\\media-service\\node_modules\\cloudinary\\lib\\utils\\index.js:1203:22)\n    at call_api (E:\\projects\\social-media-microservices\\media-service\\node_modules\\cloudinary\\lib\\uploader.js:474:18)\n    at Object.upload (E:\\projects\\social-media-microservices\\media-service\\node_modules\\cloudinary\\lib\\uploader.js:53:10)\n    at Object.upload_stream (E:\\projects\\social-media-microservices\\media-service\\node_modules\\cloudinary\\lib\\uploader.js:40:18)\n    at Object.upload_stream (E:\\projects\\social-media-microservices\\media-service\\node_modules\\cloudinary\\lib\\utils\\index.js:1402:21)\n    at E:\\projects\\social-media-microservices\\media-service\\src\\utils\\cloudinary.js:24:33\n    at new Promise (<anonymous>)\n    at uploadImageToCloudinary (E:\\projects\\social-media-microservices\\media-service\\src\\utils\\cloudinary.js:23:16)","service":"Media-service"}
{"level":"info","message":"Media-service is running on port 3003","service":"Media-service"}
{"level":"info","message":"Process ID: 1836","service":"Media-service"}
{"level":"info","message":"Environment: development","service":"Media-service"}
{"level":"info","message":"Connected to MongoDB","service":"Media-service"}
{"level":"info","message":"Uploading media: DSC02566.JPG","service":"Media-service"}
{"level":"error","message":"Cloudinary upload error: File size too large. Got 10518528. Maximum is 10485760.","service":"Media-service"}
{"level":"error","message":"Unhandled Rejection:","promise":{"exception":{"http_code":400,"message":"File size too large. Got 10518528. Maximum is 10485760.","name":"Error"}},"reason":{"http_code":400,"message":"File size too large. Got 10518528. Maximum is 10485760.","name":"Error"},"service":"Media-service"}
{"level":"info","message":"UNHANDLED_REJECTION signal received. Starting graceful shutdown...","service":"Media-service"}
{"level":"error","message":"Error uploading media: File size too large. Got 10518528. Maximum is 10485760.","service":"Media-service"}
{"level":"error","message":"Error stack: undefined","service":"Media-service"}
{"level":"info","message":"HTTP server closed","service":"Media-service"}
{"level":"info","message":"MongoDB connection closed","service":"Media-service"}
{"level":"info","message":"Media-service is running on port 3003","service":"Media-service"}
{"level":"info","message":"Process ID: 13508","service":"Media-service"}
{"level":"info","message":"Environment: development","service":"Media-service"}
{"level":"info","message":"Connected to MongoDB","service":"Media-service"}
{"level":"info","message":"Uploading media: Capture001.png","service":"Media-service"}
{"level":"error","message":"Error uploading media: Media validation failed: user: Cast to ObjectId failed for value \"test-user-id\" (type string) at path \"user\" because of \"BSONError\"","service":"Media-service"}
{"level":"error","message":"Error stack: ValidationError: Media validation failed: user: Cast to ObjectId failed for value \"test-user-id\" (type string) at path \"user\" because of \"BSONError\"\n    at Document.invalidate (E:\\projects\\social-media-microservices\\media-service\\node_modules\\mongoose\\lib\\document.js:3362:32)\n    at model.$set (E:\\projects\\social-media-microservices\\media-service\\node_modules\\mongoose\\lib\\document.js:1484:12)\n    at model.$set (E:\\projects\\social-media-microservices\\media-service\\node_modules\\mongoose\\lib\\document.js:1136:16)\n    at model.Document (E:\\projects\\social-media-microservices\\media-service\\node_modules\\mongoose\\lib\\document.js:178:12)\n    at model.Model (E:\\projects\\social-media-microservices\\media-service\\node_modules\\mongoose\\lib\\model.js:127:12)\n    at new model (E:\\projects\\social-media-microservices\\media-service\\node_modules\\mongoose\\lib\\model.js:4861:15)\n    at uploadMedia (E:\\projects\\social-media-microservices\\media-service\\src\\controller\\media-controller.js:18:26)\n    at process.processTicksAndRejections (node:internal/process/task_queues:103:5)","service":"Media-service"}
{"level":"info","message":"Media-service is running on port 3003","service":"Media-service"}
{"level":"info","message":"Process ID: 888","service":"Media-service"}
{"level":"info","message":"Environment: development","service":"Media-service"}
{"level":"info","message":"Connected to MongoDB","service":"Media-service"}
{"level":"info","message":"Uploading media: Capture001.png","service":"Media-service"}
{"level":"info","message":"Uploading media: DSC02566.JPG","service":"Media-service"}
{"level":"error","message":"Cloudinary upload error: File size too large. Got 10518528. Maximum is 10485760.","service":"Media-service"}
{"level":"info","message":"Media-service is running on port 3003","service":"Media-service"}
{"level":"info","message":"Process ID: 10104","service":"Media-service"}
{"level":"info","message":"Environment: development","service":"Media-service"}
{"level":"info","message":"Uploading media: DSC02566.JPG","service":"Media-service"}
{"level":"info","message":"Connected to MongoDB","service":"Media-service"}
{"level":"error","message":"Cloudinary upload error: File size too large. Got 10518528. Maximum is 10485760.","service":"Media-service"}
{"level":"info","message":"Media-service is running on port 3003","service":"Media-service"}
{"level":"info","message":"Process ID: 13580","service":"Media-service"}
{"level":"info","message":"Environment: development","service":"Media-service"}
{"level":"info","message":"Connected to MongoDB","service":"Media-service"}
{"level":"info","message":"Uploading media: DSC02566.JPG","service":"Media-service"}
{"level":"error","message":"Cloudinary upload error: File size too large. Got 10518528. Maximum is 10485760.","service":"Media-service"}
{"level":"info","message":"Media-service is running on port 3003","service":"Media-service"}
{"level":"info","message":"Process ID: 14256","service":"Media-service"}
{"level":"info","message":"Environment: development","service":"Media-service"}
{"level":"info","message":"Connected to MongoDB","service":"Media-service"}
{"level":"info","message":"Media-service is running on port 3003","service":"Media-service"}
{"level":"info","message":"Process ID: 4308","service":"Media-service"}
{"level":"info","message":"Environment: development","service":"Media-service"}
{"level":"info","message":"Connected to MongoDB","service":"Media-service"}
{"level":"info","message":"Uploading media: Murali Photo.jpg","service":"Media-service"}
{"level":"info","message":"Media-service is running on port 3003","service":"Media-service"}
{"level":"info","message":"Process ID: 480","service":"Media-service"}
{"level":"info","message":"Environment: development","service":"Media-service"}
{"level":"info","message":"Connected to MongoDB","service":"Media-service"}
{"level":"info","message":"Media-service is running on port 3003","service":"Media-service"}
{"level":"info","message":"Process ID: 9304","service":"Media-service"}
{"level":"info","message":"Environment: development","service":"Media-service"}
{"level":"info","message":"Connected to MongoDB","service":"Media-service"}
{"level":"info","message":"Media-service is running on port 3003","service":"Media-service"}
{"level":"info","message":"Process ID: 7948","service":"Media-service"}
{"level":"info","message":"Environment: development","service":"Media-service"}
{"level":"info","message":"Connected to MongoDB","service":"Media-service"}
{"level":"info","message":"Media-service is running on port 3003","service":"Media-service"}
{"level":"info","message":"Process ID: 8312","service":"Media-service"}
{"level":"info","message":"Environment: development","service":"Media-service"}
{"level":"info","message":"Connected to MongoDB","service":"Media-service"}
{"level":"info","message":"Media-service is running on port 3003","service":"Media-service"}
{"level":"info","message":"Process ID: 13716","service":"Media-service"}
{"level":"info","message":"Environment: development","service":"Media-service"}
{"level":"info","message":"Connected to MongoDB","service":"Media-service"}
{"level":"info","message":"Media-service is running on port 3003","service":"Media-service"}
{"level":"info","message":"Process ID: 11780","service":"Media-service"}
{"level":"info","message":"Environment: development","service":"Media-service"}
{"level":"info","message":"Connected to MongoDB","service":"Media-service"}
{"level":"info","message":"Media-service is running on port 3003","service":"Media-service"}
{"level":"info","message":"Process ID: 9704","service":"Media-service"}
{"level":"info","message":"Environment: development","service":"Media-service"}
{"level":"info","message":"Connected to MongoDB","service":"Media-service"}
{"level":"info","message":"Media-service is running on port 3003","service":"Media-service"}
{"level":"info","message":"Process ID: 2532","service":"Media-service"}
{"level":"info","message":"Environment: development","service":"Media-service"}
{"level":"info","message":"Connected to MongoDB","service":"Media-service"}
{"level":"info","message":"Media-service is running on port 3003","service":"Media-service"}
{"level":"info","message":"Process ID: 11608","service":"Media-service"}
{"level":"info","message":"Environment: development","service":"Media-service"}
{"level":"info","message":"Connected to MongoDB","service":"Media-service"}
{"level":"info","message":"Media-service is running on port 3003","service":"Media-service"}
{"level":"info","message":"Process ID: 6812","service":"Media-service"}
{"level":"info","message":"Environment: development","service":"Media-service"}
{"level":"info","message":"Connected to MongoDB","service":"Media-service"}
{"level":"info","message":"SIGINT signal received. Starting graceful shutdown...","service":"Media-service"}
{"level":"info","message":"Media-service is running on port 3003","service":"Media-service"}
{"level":"info","message":"Process ID: 1504","service":"Media-service"}
{"level":"info","message":"Environment: development","service":"Media-service"}
{"level":"info","message":"Connected to MongoDB","service":"Media-service"}
{"level":"info","message":"Media-service is running on port 3003","service":"Media-service"}
{"level":"info","message":"Process ID: 6740","service":"Media-service"}
{"level":"info","message":"Environment: development","service":"Media-service"}
{"level":"info","message":"Connected to MongoDB","service":"Media-service"}
{"level":"info","message":"Media-service is running on port 3003","service":"Media-service"}
{"level":"info","message":"Process ID: 3284","service":"Media-service"}
{"level":"info","message":"Environment: development","service":"Media-service"}
{"level":"info","message":"Connected to MongoDB","service":"Media-service"}
{"level":"info","message":"Media-service is running on port 3003","service":"Media-service"}
{"level":"info","message":"Process ID: 9632","service":"Media-service"}
{"level":"info","message":"Environment: development","service":"Media-service"}
{"level":"info","message":"Connected to MongoDB","service":"Media-service"}
{"level":"info","message":"Media-service is running on port 3003","service":"Media-service"}
{"level":"info","message":"Process ID: 13248","service":"Media-service"}
{"level":"info","message":"Environment: development","service":"Media-service"}
{"level":"info","message":"Connected to RabbitMQ at amqp://localhost:5672","service":"Media-service"}
{"level":"info","message":"Consuming events from RabbitMQ: post.deleted","service":"Media-service"}
{"level":"info","message":"Connected to MongoDB","service":"Media-service"}
{"level":"info","message":"Media-service is running on port 3003","service":"Media-service"}
{"level":"info","message":"Process ID: 7096","service":"Media-service"}
{"level":"info","message":"Environment: development","service":"Media-service"}
{"level":"info","message":"Connected to RabbitMQ at amqp://localhost:5672","service":"Media-service"}
{"level":"info","message":"Consuming events from RabbitMQ: post.deleted","service":"Media-service"}
{"level":"info","message":"Connected to MongoDB","service":"Media-service"}
{"level":"info","message":"Media-service is running on port 3003","service":"Media-service"}
{"level":"info","message":"Process ID: 6536","service":"Media-service"}
{"level":"info","message":"Environment: development","service":"Media-service"}
{"level":"info","message":"Connected to RabbitMQ at amqp://localhost:5672","service":"Media-service"}
{"level":"info","message":"Consuming events from RabbitMQ: post.deleted","service":"Media-service"}
{"level":"info","message":"Connected to MongoDB","service":"Media-service"}
{"level":"info","message":"Media-service is running on port 3003","service":"Media-service"}
{"level":"info","message":"Process ID: 2424","service":"Media-service"}
{"level":"info","message":"Environment: development","service":"Media-service"}
{"level":"info","message":"Connected to RabbitMQ at amqp://localhost:5672","service":"Media-service"}
{"level":"info","message":"Consuming events from RabbitMQ: post.deleted","service":"Media-service"}
{"level":"info","message":"Connected to MongoDB","service":"Media-service"}
{"level":"info","message":"Media-service is running on port 3003","service":"Media-service"}
{"level":"info","message":"Process ID: 7280","service":"Media-service"}
{"level":"info","message":"Environment: development","service":"Media-service"}
{"level":"info","message":"Connected to RabbitMQ at amqp://localhost:5672","service":"Media-service"}
{"level":"info","message":"Consuming events from RabbitMQ: post.deleted","service":"Media-service"}
{"level":"info","message":"Connected to MongoDB","service":"Media-service"}
{"level":"info","message":"Media-service is running on port 3003","service":"Media-service"}
{"level":"info","message":"Process ID: 5724","service":"Media-service"}
{"level":"info","message":"Environment: development","service":"Media-service"}
{"level":"info","message":"Connected to RabbitMQ at amqp://localhost:5672","service":"Media-service"}
{"level":"info","message":"Consuming events from RabbitMQ: post.deleted","service":"Media-service"}
{"level":"info","message":"Connected to MongoDB","service":"Media-service"}
{"level":"info","message":"Media-service is running on port 3003","service":"Media-service"}
{"level":"info","message":"Process ID: 228","service":"Media-service"}
{"level":"info","message":"Environment: development","service":"Media-service"}
{"level":"info","message":"Connected to RabbitMQ at amqp://localhost:5672","service":"Media-service"}
{"level":"info","message":"Consuming events from RabbitMQ: post.deleted","service":"Media-service"}
{"level":"info","message":"Connected to MongoDB","service":"Media-service"}
{"level":"info","message":"Media-service is running on port 3003","service":"Media-service"}
{"level":"info","message":"Process ID: 10056","service":"Media-service"}
{"level":"info","message":"Environment: development","service":"Media-service"}
{"level":"info","message":"Connected to RabbitMQ at amqp://localhost:5672","service":"Media-service"}
{"level":"info","message":"Consuming events from RabbitMQ: post.deleted","service":"Media-service"}
{"level":"info","message":"Connected to MongoDB","service":"Media-service"}
{"level":"info","message":"Media-service is running on port 3003","service":"Media-service"}
{"level":"info","message":"Process ID: 7536","service":"Media-service"}
{"level":"info","message":"Environment: development","service":"Media-service"}
{"level":"info","message":"Connected to RabbitMQ at amqp://localhost:5672","service":"Media-service"}
{"level":"info","message":"Consuming events from RabbitMQ: post.deleted","service":"Media-service"}
{"level":"info","message":"Connected to MongoDB","service":"Media-service"}
{"level":"info","message":"Media-service is running on port 3003","service":"Media-service"}
{"level":"info","message":"Process ID: 4008","service":"Media-service"}
{"level":"info","message":"Environment: development","service":"Media-service"}
{"level":"info","message":"Connected to RabbitMQ at amqp://localhost:5672","service":"Media-service"}
{"level":"info","message":"Consuming events from RabbitMQ: post.deleted","service":"Media-service"}
{"level":"info","message":"Connected to MongoDB","service":"Media-service"}
{"level":"info","message":"Uploading media: DSC02188.JPG","service":"Media-service"}
{"level":"info","message":"Media-service is running on port 3003","service":"Media-service"}
{"level":"info","message":"Process ID: 12504","service":"Media-service"}
{"level":"info","message":"Environment: development","service":"Media-service"}
{"level":"info","message":"Connected to RabbitMQ at amqp://localhost:5672","service":"Media-service"}
{"level":"info","message":"Consuming events from RabbitMQ: post.Deleted","service":"Media-service"}
{"level":"info","message":"Connected to MongoDB","service":"Media-service"}
